<?xml version="1.0" encoding="UTF-8"?>
<!-- Generated by org.testng.reporters.JUnitReportReporter -->
<testsuite skipped="0" hostname="admins-MacBook-Pro-88.local" name="test.DataDrivenTest" tests="3" failures="0" timestamp="24 Nov 2018 03:58:17 GMT" time="10.257" errors="0">
  <testcase name="testPlus" time="3.385" classname="test.DataDrivenTest"/>
  <testcase name="testPlus" time="3.540" classname="test.DataDrivenTest"/>
  <testcase name="testPlus" time="3.332" classname="test.DataDrivenTest"/>
</testsuite> <!-- test.DataDrivenTest -->
